[08:47:13] root: INFO: Starting Ragout v2.0b
[08:47:13] root: WARNING: Using synteny blocks from previous run
[08:47:13] root: WARNING: Use --overwrite to force alignment
[08:47:13] root: INFO: Phylogeny is taken from the recipe
[08:47:13] root: DEBUG: Branch lengths: [0.00968, 0.00225, 0.0067, 0.006667, 0.008825, 0.018318], mu = 149.253731343
[08:47:13] root: INFO: Processing permutation files
[08:47:13] root: DEBUG: Reading permutation file
[08:47:13] root: DEBUG: "simHuman" synteny blocks coverage: 96.81%
[08:47:13] root: DEBUG: "simOrang" synteny blocks coverage: 96.86%
[08:47:13] root: DEBUG: "simChimp" synteny blocks coverage: 96.75%
[08:47:13] root: DEBUG: "simGorilla" synteny blocks coverage: 96.68%
[08:47:13] root: DEBUG: Read 3 reference sequences
[08:47:13] root: DEBUG: Read 1 target sequences
[08:47:13] root: DEBUG: Read 1 ancestor sequences
[08:47:13] root: DEBUG: 1 target sequences left after indel filtering
[08:47:13] root: DEBUG: 1 target sequences left after repeat filtering
[08:47:13] root: DEBUG: Built breakpoint graph with 26 nodes
[08:47:13] root: DEBUG: Reading permutation file
[08:47:13] root: DEBUG: "simHuman" synteny blocks coverage: 98.44%
[08:47:13] root: DEBUG: "simOrang" synteny blocks coverage: 98.52%
[08:47:13] root: DEBUG: "simChimp" synteny blocks coverage: 98.39%
[08:47:13] root: DEBUG: "simGorilla" synteny blocks coverage: 98.31%
[08:47:13] root: DEBUG: Read 3 reference sequences
[08:47:13] root: DEBUG: Read 1 target sequences
[08:47:13] root: DEBUG: Read 1 ancestor sequences
[08:47:13] root: DEBUG: 1 target sequences left after indel filtering
[08:47:13] root: DEBUG: 1 target sequences left after repeat filtering
[08:47:13] root: DEBUG: Built breakpoint graph with 36 nodes
[08:47:13] root: DEBUG: Reading permutation file
[08:47:13] root: DEBUG: "simHuman" synteny blocks coverage: 99.65%
[08:47:13] root: DEBUG: "simOrang" synteny blocks coverage: 99.67%
[08:47:13] root: DEBUG: "simChimp" synteny blocks coverage: 99.61%
[08:47:13] root: DEBUG: "simGorilla" synteny blocks coverage: 99.64%
[08:47:13] root: DEBUG: Read 3 reference sequences
[08:47:13] root: DEBUG: Read 1 target sequences
[08:47:13] root: DEBUG: Read 1 ancestor sequences
[08:47:13] root: DEBUG: 1 target sequences left after indel filtering
[08:47:13] root: DEBUG: 1 target sequences left after repeat filtering
[08:47:13] root: DEBUG: Built breakpoint graph with 38 nodes
[08:47:13] root: DEBUG: Reading permutation file
[08:47:13] root: DEBUG: "simHuman" synteny blocks coverage: 99.65%
[08:47:13] root: DEBUG: "simOrang" synteny blocks coverage: 99.67%
[08:47:13] root: DEBUG: "simChimp" synteny blocks coverage: 99.61%
[08:47:13] root: DEBUG: "simGorilla" synteny blocks coverage: 99.64%
[08:47:13] root: DEBUG: Read 3 reference sequences
[08:47:13] root: DEBUG: Read 1 target sequences
[08:47:13] root: DEBUG: Read 1 ancestor sequences
[08:47:13] root: DEBUG: 1 target sequences left after indel filtering
[08:47:13] root: DEBUG: 1 target sequences left after repeat filtering
[08:47:13] root: DEBUG: Built breakpoint graph with 38 nodes
[08:47:13] root: INFO: Reading contigs file
[08:47:13] root: INFO: Reading contigs file
[08:47:13] root: DEBUG: Detecting chimeric adjacencies
[08:47:13] root: INFO: Stage "5000"
[08:47:13] root: DEBUG: Chimera Detector: 0 cuts made in 0 sequences
[08:47:13] root: DEBUG: Built breakpoint graph with 26 nodes
[08:47:13] root: INFO: Inferring missing adjacencies
[08:47:13] root: DEBUG: Found 13 connected components
[08:47:13] root: DEBUG: Inferred 1 adjacencies
[08:47:13] root: DEBUG: 0 orphaned nodes
[08:47:13] root: DEBUG: 0 guessed edges
[08:47:13] root: DEBUG: 12 trimmed edges
[08:47:13] root: INFO: Building scaffolds
[08:47:13] root: DEBUG: 1 contigs were joined into 1 scaffolds
[08:47:13] root: INFO: Stage "1000"
[08:47:13] root: DEBUG: Chimera Detector: 0 cuts made in 0 sequences
[08:47:13] root: DEBUG: Built breakpoint graph with 36 nodes
[08:47:13] root: INFO: Inferring missing adjacencies
[08:47:13] root: DEBUG: Found 13 connected components
[08:47:13] root: DEBUG: Inferred 1 adjacencies
[08:47:13] root: DEBUG: 0 orphaned nodes
[08:47:13] root: DEBUG: 0 guessed edges
[08:47:13] root: DEBUG: 17 trimmed edges
[08:47:13] root: INFO: Building scaffolds
[08:47:13] root: DEBUG: 1 contigs were joined into 1 scaffolds
[08:47:13] root: DEBUG: Chimera Detector: 0 cuts made in 0 sequences
[08:47:13] root: INFO: Merging two iterations
[08:47:13] root: DEBUG: Made 0 k-breaks
[08:47:13] root: DEBUG: 1 contigs were joined into 1 scaffolds
[08:47:13] root: DEBUG: Fail: not found: 0
[08:47:13] root: DEBUG: Fail: different scaffolds: 0
[08:47:13] root: DEBUG: Fail: different orientatilns: 0
[08:47:13] root: DEBUG: Fail: inconsistent: 0
[08:47:13] root: DEBUG: Total success: 0
[08:47:13] root: DEBUG: Total fail: 0
[08:47:13] root: DEBUG: Total inserted: 0
[08:47:13] root: DEBUG: Result: 1 contigs in 1 scaffolds
[08:47:13] root: DEBUG: Merging consequtive contigs: 1 left
[08:47:13] root: INFO: Stage "500"
[08:47:13] root: DEBUG: Chimera Detector: 0 cuts made in 0 sequences
[08:47:13] root: DEBUG: Built breakpoint graph with 38 nodes
[08:47:13] root: INFO: Inferring missing adjacencies
[08:47:13] root: DEBUG: Found 13 connected components
[08:47:13] root: DEBUG: Inferred 1 adjacencies
[08:47:13] root: DEBUG: 0 orphaned nodes
[08:47:13] root: DEBUG: 0 guessed edges
[08:47:13] root: DEBUG: 18 trimmed edges
[08:47:13] root: INFO: Building scaffolds
[08:47:13] root: DEBUG: 1 contigs were joined into 1 scaffolds
[08:47:13] root: DEBUG: Chimera Detector: 0 cuts made in 0 sequences
[08:47:13] root: INFO: Merging two iterations
[08:47:13] root: DEBUG: Made 0 k-breaks
[08:47:13] root: DEBUG: 1 contigs were joined into 1 scaffolds
[08:47:13] root: DEBUG: Fail: not found: 0
[08:47:13] root: DEBUG: Fail: different scaffolds: 0
[08:47:13] root: DEBUG: Fail: different orientatilns: 0
[08:47:13] root: DEBUG: Fail: inconsistent: 0
[08:47:13] root: DEBUG: Total success: 0
[08:47:13] root: DEBUG: Total fail: 0
[08:47:13] root: DEBUG: Total inserted: 0
[08:47:13] root: DEBUG: Result: 1 contigs in 1 scaffolds
[08:47:13] root: DEBUG: Merging consequtive contigs: 1 left
[08:47:13] root: INFO: Stage "refine"
[08:47:13] root: DEBUG: Chimera Detector: 0 cuts made in 0 sequences
[08:47:13] root: DEBUG: Built breakpoint graph with 38 nodes
[08:47:13] root: INFO: Inferring missing adjacencies
[08:47:13] root: DEBUG: Found 13 connected components
[08:47:13] root: DEBUG: Inferred 1 adjacencies
[08:47:13] root: DEBUG: 0 orphaned nodes
[08:47:13] root: DEBUG: 0 guessed edges
[08:47:13] root: DEBUG: 18 trimmed edges
[08:47:13] root: INFO: Building scaffolds
[08:47:13] root: DEBUG: 1 contigs were joined into 1 scaffolds
[08:47:13] root: DEBUG: Chimera Detector: 0 cuts made in 0 sequences
[08:47:13] root: INFO: Merging two iterations
[08:47:13] root: DEBUG: Fail: not found: 0
[08:47:13] root: DEBUG: Fail: different scaffolds: 0
[08:47:13] root: DEBUG: Fail: different orientatilns: 0
[08:47:13] root: DEBUG: Fail: inconsistent: 0
[08:47:13] root: DEBUG: Total success: 0
[08:47:13] root: DEBUG: Total fail: 0
[08:47:13] root: DEBUG: Total inserted: 0
[08:47:13] root: DEBUG: Result: 1 contigs in 1 scaffolds
[08:47:13] root: DEBUG: Merging consequtive contigs: 1 left
[08:47:13] root: DEBUG: Built breakpoint graph with 40 nodes
[08:47:13] root: INFO: Inferring missing adjacencies
[08:47:13] root: DEBUG: Found 13 connected components
[08:47:13] root: DEBUG: Branch lengths: [0.0067, 0.006667], mu = 149.992500375
[08:47:13] root: DEBUG: Branch lengths: [0.0067, 0.006667], mu = 149.992500375
[08:47:13] root: DEBUG: Branch lengths: [0.0067, 0.006667], mu = 149.992500375
[08:47:13] root: DEBUG: Branch lengths: [0.0067, 0.006667], mu = 149.992500375
[08:47:13] root: DEBUG: Branch lengths: [0.0067, 0.006667], mu = 149.992500375
[08:47:13] root: DEBUG: Branch lengths: [0.0067, 0.006667], mu = 149.992500375
[08:47:13] root: DEBUG: Branch lengths: [0.0067, 0.006667], mu = 149.992500375
[08:47:13] root: DEBUG: Branch lengths: [0.0067, 0.006667], mu = 149.992500375
[08:47:13] root: DEBUG: Branch lengths: [0.0067, 0.006667], mu = 149.992500375
[08:47:13] root: DEBUG: Branch lengths: [0.0067, 0.006667], mu = 149.992500375
[08:47:13] root: DEBUG: Branch lengths: [0.0067, 0.006667], mu = 149.992500375
[08:47:13] root: DEBUG: Branch lengths: [0.0067, 0.006667], mu = 149.992500375
[08:47:13] root: DEBUG: Branch lengths: [0.0067, 0.006667], mu = 149.992500375
[08:47:13] root: DEBUG: Branch lengths: [0.0067, 0.006667], mu = 149.992500375
[08:47:13] root: DEBUG: Branch lengths: [0.0067, 0.006667], mu = 149.992500375
[08:47:13] root: DEBUG: Branch lengths: [0.0067, 0.006667], mu = 149.992500375
[08:47:13] root: DEBUG: Branch lengths: [0.0067, 0.006667], mu = 149.992500375
[08:47:13] root: DEBUG: Branch lengths: [0.0067, 0.006667], mu = 149.992500375
[08:47:13] root: DEBUG: Branch lengths: [0.0067, 0.006667], mu = 149.992500375
[08:47:13] root: DEBUG: Branch lengths: [0.0067, 0.006667], mu = 149.992500375
[08:47:13] root: DEBUG: Branch lengths: [0.0067, 0.006667], mu = 149.992500375
[08:47:13] root: DEBUG: Branch lengths: [0.0067, 0.006667], mu = 149.992500375
[08:47:13] root: DEBUG: Branch lengths: [0.0067, 0.006667], mu = 149.992500375
[08:47:13] root: DEBUG: Branch lengths: [0.0067, 0.006667], mu = 149.992500375
[08:47:13] root: DEBUG: Branch lengths: [0.0067, 0.006667], mu = 149.992500375
[08:47:13] root: DEBUG: Branch lengths: [0.0067, 0.006667], mu = 149.992500375
[08:47:13] root: DEBUG: Branch lengths: [0.0067, 0.006667], mu = 149.992500375
[08:47:13] root: DEBUG: Branch lengths: [0.0067, 0.006667], mu = 149.992500375
[08:47:13] root: DEBUG: Branch lengths: [0.0067, 0.006667], mu = 149.992500375
[08:47:13] root: DEBUG: Branch lengths: [0.0067, 0.006667], mu = 149.992500375
[08:47:13] root: DEBUG: Branch lengths: [0.0067, 0.006667], mu = 149.992500375
[08:47:13] root: DEBUG: Branch lengths: [0.0067, 0.006667], mu = 149.992500375
[08:47:13] root: DEBUG: Branch lengths: [0.0067, 0.006667], mu = 149.992500375
[08:47:13] root: DEBUG: Branch lengths: [0.0067, 0.006667], mu = 149.992500375
[08:47:13] root: DEBUG: Branch lengths: [0.0067, 0.006667], mu = 149.992500375
[08:47:13] root: DEBUG: Branch lengths: [0.0067, 0.006667], mu = 149.992500375
[08:47:13] root: DEBUG: Branch lengths: [0.0067, 0.006667], mu = 149.992500375
[08:47:13] root: DEBUG: Branch lengths: [0.0067, 0.006667], mu = 149.992500375
[08:47:13] root: DEBUG: Branch lengths: [0.0067, 0.006667], mu = 149.992500375
[08:47:13] root: DEBUG: Branch lengths: [0.0067, 0.006667], mu = 149.992500375
[08:47:13] root: DEBUG: Branch lengths: [0.0067, 0.006667], mu = 149.992500375
[08:47:13] root: DEBUG: Branch lengths: [0.0067, 0.006667], mu = 149.992500375
[08:47:13] root: DEBUG: Branch lengths: [0.0067, 0.006667], mu = 149.992500375
[08:47:13] root: DEBUG: Branch lengths: [0.0067, 0.006667], mu = 149.992500375
[08:47:13] root: DEBUG: Branch lengths: [0.0067, 0.006667], mu = 149.992500375
[08:47:13] root: DEBUG: Branch lengths: [0.0067, 0.006667], mu = 149.992500375
[08:47:13] root: DEBUG: Branch lengths: [0.0067, 0.006667], mu = 149.992500375
[08:47:13] root: DEBUG: Branch lengths: [0.0067, 0.006667], mu = 149.992500375
[08:47:13] root: DEBUG: Branch lengths: [0.0067, 0.006667], mu = 149.992500375
[08:47:13] root: DEBUG: Branch lengths: [0.0067, 0.006667], mu = 149.992500375
[08:47:13] root: DEBUG: Branch lengths: [0.0067, 0.006667], mu = 149.992500375
[08:47:13] root: DEBUG: Branch lengths: [0.0067, 0.006667], mu = 149.992500375
[08:47:13] root: DEBUG: Branch lengths: [0.0067, 0.006667], mu = 149.992500375
[08:47:13] root: DEBUG: Branch lengths: [0.0067, 0.006667], mu = 149.992500375
[08:47:13] root: DEBUG: Branch lengths: [0.0067, 0.006667], mu = 149.992500375
[08:47:13] root: DEBUG: Branch lengths: [0.0067, 0.006667], mu = 149.992500375
[08:47:13] root: DEBUG: Branch lengths: [0.0067, 0.006667], mu = 149.992500375
[08:47:13] root: DEBUG: Branch lengths: [0.0067, 0.006667], mu = 149.992500375
[08:47:13] root: DEBUG: Branch lengths: [0.0067, 0.006667], mu = 149.992500375
[08:47:13] root: DEBUG: Branch lengths: [0.0067, 0.006667], mu = 149.992500375
[08:47:13] root: DEBUG: Branch lengths: [0.0067, 0.006667], mu = 149.992500375
[08:47:13] root: DEBUG: Branch lengths: [0.0067, 0.006667], mu = 149.992500375
[08:47:13] root: DEBUG: Inferred 1 adjacencies
[08:47:13] root: DEBUG: 0 orphaned nodes
[08:47:13] root: DEBUG: 0 guessed edges
[08:47:13] root: DEBUG: 19 trimmed edges
[08:47:13] root: INFO: Building scaffolds
[08:47:13] root: DEBUG: 1 contigs were joined into 1 scaffolds
[08:47:13] root: INFO: Generating FASTA output
[08:47:13] root: INFO: Assembly statistics:

	Scaffolds:		1
	Used fragments:		1
	Scaffolds length:	597838

	Unplaced fragments:	0
	Unplaced length:	0 (0.00%)
	Introduced Ns length:	0 (0.00%)

	Fragments N50:		597838
	Assembly N50:		597838

[08:47:13] root: INFO: Building assembly graph
[08:47:13] root: DEBUG: Reading FASTA
[08:47:13] root: DEBUG: Building FM-index
[08:47:13] root: DEBUG: Overapping
[08:47:13] root: DEBUG: Kmer size is set to -1
[08:47:13] root: INFO: Refining with assembly graph
[08:47:13] root: DEBUG: Max path len = 30
[08:47:13] root: WARNING: Too few overlaps (0) between contigs were detected -- refine procedure will be useless. Possible reasons:

1. Some contigs output by assembler are missing
2. Contigs overlap not on a constant value (like k-mer for assemblers which use debruijn graph)
3. Contigs ends are trimmed/postprocessed

[08:47:13] root: INFO: Generating FASTA output
[08:47:13] root: INFO: Assembly statistics:

	Scaffolds:		1
	Used fragments:		1
	Scaffolds length:	597871

	Unplaced fragments:	0
	Unplaced length:	0 (0.00%)
	Introduced Ns length:	0 (0.00%)

	Fragments N50:		597871
	Assembly N50:		597871

[08:47:13] root: INFO: Done!
